sed: can't read .env: No such file or directory
[2021-03-15 20:11:54 +0000] [18235] [INFO] Starting gunicorn 19.7.1
[2021-03-15 20:11:54 +0000] [18235] [INFO] Listening at: http://0.0.0.0:5000 (18235)
[2021-03-15 20:11:54 +0000] [18235] [INFO] Using worker: sync
[2021-03-15 20:11:54 +0000] [18262] [INFO] Booting worker with pid: 18262
[2021-03-15 20:11:54 +0000] [18267] [INFO] Booting worker with pid: 18267
[2021-03-15 20:11:54 +0000] [18272] [INFO] Booting worker with pid: 18272
[2021-03-15 20:11:54 +0000] [18277] [INFO] Booting worker with pid: 18277
[2021-03-15 20:12:05 +0000] [18262] [INFO] Worker exiting (pid: 18262)
[2021-03-15 20:12:05 +0000] [18267] [INFO] Worker exiting (pid: 18267)
[2021-03-15 20:12:05 +0000] [18235] [INFO] Handling signal: term
[2021-03-15 20:12:05 +0000] [18277] [INFO] Worker exiting (pid: 18277)
[2021-03-15 20:12:05 +0000] [18272] [INFO] Worker exiting (pid: 18272)
[2021-03-15 20:12:05 +0000] [18235] [INFO] Shutting down: Master
sed: can't read .env: No such file or directory
[2021-03-15 20:12:39 +0000] [18495] [INFO] Starting gunicorn 19.7.1
[2021-03-15 20:12:39 +0000] [18495] [INFO] Listening at: http://0.0.0.0:8080 (18495)
[2021-03-15 20:12:39 +0000] [18495] [INFO] Using worker: sync
[2021-03-15 20:12:39 +0000] [18522] [INFO] Booting worker with pid: 18522
[2021-03-15 20:12:39 +0000] [18527] [INFO] Booting worker with pid: 18527
[2021-03-15 20:12:39 +0000] [18532] [INFO] Booting worker with pid: 18532
[2021-03-15 20:12:39 +0000] [18537] [INFO] Booting worker with pid: 18537
[2021-03-15 20:12:55,569][PID:18527][INFO][metrics] method=GET path=/ endpoint=redash_index status=302 content_type=text/html; charset=utf-8 content_length=303 duration=0.61 query_count=0 query_duration=0.00
[2021-03-15 20:12:55,755][PID:18537][INFO][metrics] method=GET path=/login endpoint=redash_login status=302 content_type=text/html; charset=utf-8 content_length=219 duration=87.18 query_count=1 query_duration=1.76
[2021-03-15 20:12:55,946][PID:18527][INFO][metrics] method=GET path=/setup endpoint=redash_setup status=200 content_type=text/html; charset=utf-8 content_length=2732 duration=101.45 query_count=1 query_duration=1.66
[2021-03-15 20:12:56,050][PID:18537][INFO][metrics] method=GET path=/static/server.5cdfe7b4f652b665b03f.css endpoint=static status=200 content_type=text/css; charset=utf-8 content_length=187882 duration=4.06 query_count=0 query_duration=0.00
[2021-03-15 20:12:56,196][PID:18532][INFO][metrics] method=GET path=/static/images/redash_icon_small.png endpoint=static status=200 content_type=image/png content_length=6111 duration=3.95 query_count=0 query_duration=0.00
[2021-03-15 20:12:56,211][PID:18522][INFO][metrics] method=GET path=/static/js/jquery.min.js endpoint=static status=200 content_type=application/javascript content_length=86927 duration=3.93 query_count=0 query_duration=0.00
[2021-03-15 20:12:56,438][PID:18537][INFO][metrics] method=GET path=/static/images/favicon-32x32.png endpoint=static status=200 content_type=image/png content_length=2005 duration=0.46 query_count=0 query_duration=0.00
[2021-03-15 20:13:26,545][PID:18527][INFO][metrics] method=POST path=/setup endpoint=redash_setup status=302 content_type=text/html; charset=utf-8 content_length=209 duration=177.21 query_count=6 query_duration=6.62
[2021-03-15 20:13:26,733][PID:18522][INFO][metrics] method=GET path=/ endpoint=redash_index status=200 content_type=text/html; charset=utf-8 content_length=1441 duration=0.48 query_count=2 query_duration=3.55
[2021-03-15 20:13:26,853][PID:18527][INFO][metrics] method=GET path=/static/unsupportedRedirect.js endpoint=static status=200 content_type=application/javascript content_length=150 duration=3.90 query_count=2 query_duration=2.44
[2021-03-15 20:13:26,997][PID:18537][INFO][metrics] method=GET path=/static/vendors~app.16b1801334f54f3ac188.js endpoint=static status=200 content_type=application/javascript content_length=4082014 duration=0.48 query_count=2 query_duration=2.92
[2021-03-15 20:13:26,999][PID:18527][INFO][metrics] method=GET path=/static/vendors~app.16b1801334f54f3ac188.css endpoint=static status=200 content_type=text/css; charset=utf-8 content_length=65687 duration=0.43 query_count=2 query_duration=1.77
[2021-03-15 20:13:27,014][PID:18522][INFO][metrics] method=GET path=/static/app.0d8e3f3690cbc6739731.css endpoint=static status=200 content_type=text/css; charset=utf-8 content_length=1073542 duration=0.46 query_count=2 query_duration=1.89
[2021-03-15 20:13:27,081][PID:18532][INFO][metrics] method=GET path=/static/app.0d8e3f3690cbc6739731.js endpoint=static status=200 content_type=application/javascript content_length=713512 duration=0.46 query_count=2 query_duration=3.50
[2021-03-15 20:13:28,320][PID:18537][INFO][metrics] method=GET path=/api/session endpoint=redash_session status=200 content_type=application/json content_length=1395 duration=4.26 query_count=4 query_duration=3.92
[2021-03-15 20:13:28,446][PID:18527][INFO][metrics] method=GET path=/api/organization/status endpoint=redash_organization_status status=200 content_type=application/json content_length=96 duration=28.19 query_count=7 query_duration=11.23
[2021-03-15 20:13:28,487][PID:18532][INFO][metrics] method=GET path=/static/fonts/Material-Design-Iconic-Font.a4d3112.woff2 endpoint=static status=200 content_type=application/octet-stream content_length=38384 duration=0.45 query_count=2 query_duration=3.31
[2021-03-15 20:13:28,490][PID:18527][INFO][metrics] method=GET path=/static/fonts/fontawesome-webfont.af7ae50.woff2 endpoint=static status=200 content_type=application/octet-stream content_length=77160 duration=0.42 query_count=2 query_duration=1.84
[2021-03-15 20:13:28,589][PID:18522][INFO][metrics] method=GET path=/api/queries/favorites endpoint=query_favorites status=200 content_type=application/json content_length=55 duration=104.82 query_count=4 query_duration=8.69
[2021-03-15 20:13:28,590][PID:18537][INFO][metrics] method=GET path=/api/dashboards/favorites endpoint=dashboard_favorites status=200 content_type=application/json content_length=55 duration=103.52 query_count=4 query_duration=8.65
[2021-03-15 20:13:28,595][PID:18532][INFO][metrics] method=GET path=/static/images/illustrations/dashboard.svg endpoint=static status=200 content_type=image/svg+xml content_length=140409 duration=0.45 query_count=2 query_duration=3.68
[2021-03-15 20:13:28,714][PID:18527][INFO][metrics] method=GET path=/api/queries/favorites endpoint=query_favorites status=200 content_type=application/json content_length=55 duration=20.14 query_count=4 query_duration=7.32
[2021-03-15 20:13:28,717][PID:18537][INFO][metrics] method=GET path=/api/dashboards/favorites endpoint=dashboard_favorites status=200 content_type=application/json content_length=55 duration=22.62 query_count=4 query_duration=8.26
[2021-03-15 20:13:29,639][PID:18532][INFO][metrics] method=POST path=/api/events endpoint=events status=200 content_type=application/json content_length=4 duration=78.87 query_count=2 query_duration=1.81
[2021-03-15 20:13:30,815][PID:18522][INFO][metrics] method=GET path=/api/organization/status endpoint=redash_organization_status status=200 content_type=application/json content_length=96 duration=29.42 query_count=7 query_duration=10.91
[2021-03-15 20:13:30,920][PID:18532][INFO][metrics] method=GET path=/api/data_sources/types endpoint=data_source_types status=200 content_type=application/json content_length=20912 duration=3.91 query_count=3 query_duration=3.13
[2021-03-15 20:13:30,934][PID:18527][INFO][metrics] method=GET path=/api/data_sources endpoint=data_sources status=200 content_type=application/json content_length=2 duration=10.81 query_count=5 query_duration=3.94
[2021-03-15 20:13:31,089][PID:18537][INFO][metrics] method=GET path=/static/images/db-logos/drill.png endpoint=static status=200 content_type=image/png content_length=26775 duration=0.45 query_count=2 query_duration=1.82
[2021-03-15 20:13:31,091][PID:18532][INFO][metrics] method=GET path=/static/images/db-logos/azure_kusto.png endpoint=static status=200 content_type=image/png content_length=5070 duration=0.42 query_count=2 query_duration=1.72
[2021-03-15 20:13:31,091][PID:18527][INFO][metrics] method=GET path=/static/images/db-logos/aws_es.png endpoint=static status=200 content_type=image/png content_length=8273 duration=0.42 query_count=2 query_duration=1.75
[2021-03-15 20:13:31,091][PID:18522][INFO][metrics] method=GET path=/static/images/db-logos/axibasetsd.png endpoint=static status=200 content_type=image/png content_length=6380 duration=0.44 query_count=2 query_duration=1.73
[2021-03-15 20:13:31,098][PID:18522][INFO][metrics] method=GET path=/static/images/db-logos/athena.png endpoint=static status=200 content_type=image/png content_length=12563 duration=0.43 query_count=2 query_duration=1.50
[2021-03-15 20:13:31,199][PID:18537][INFO][metrics] method=GET path=/static/images/db-logos/Cassandra.png endpoint=static status=200 content_type=image/png content_length=28422 duration=0.48 query_count=2 query_duration=1.88
[2021-03-15 20:13:31,199][PID:18532][INFO][metrics] method=GET path=/static/images/db-logos/cockroach.png endpoint=static status=200 content_type=image/png content_length=15846 duration=0.43 query_count=2 query_duration=1.73
[2021-03-15 20:13:31,202][PID:18527][INFO][metrics] method=GET path=/static/images/db-logos/clickhouse.png endpoint=static status=200 content_type=image/png content_length=2959 duration=0.43 query_count=2 query_duration=2.04
[2021-03-15 20:13:31,204][PID:18522][INFO][metrics] method=GET path=/static/images/db-logos/couchbase.png endpoint=static status=200 content_type=image/png content_length=12997 duration=0.43 query_count=2 query_duration=1.71
[2021-03-15 20:13:31,263][PID:18537][INFO][metrics] method=GET path=/static/images/db-logos/db2.png endpoint=static status=200 content_type=image/png content_length=13397 duration=0.42 query_count=2 query_duration=1.70
[2021-03-15 20:13:31,263][PID:18527][INFO][metrics] method=GET path=/static/images/db-logos/bigquery.png endpoint=static status=200 content_type=image/png content_length=20724 duration=0.44 query_count=2 query_duration=1.62
[2021-03-15 20:13:31,319][PID:18522][INFO][metrics] method=GET path=/static/images/db-logos/dgraph.png endpoint=static status=200 content_type=image/png content_length=43329 duration=0.46 query_count=2 query_duration=4.04
[2021-03-15 20:13:31,321][PID:18532][INFO][metrics] method=GET path=/static/images/db-logos/databricks.png endpoint=static status=200 content_type=image/png content_length=17187 duration=0.46 query_count=2 query_duration=1.95
[2021-03-15 20:13:31,336][PID:18527][INFO][metrics] method=GET path=/static/images/db-logos/dynamodb_sql.png endpoint=static status=200 content_type=image/png content_length=12572 duration=0.45 query_count=2 query_duration=1.75
[2021-03-15 20:13:31,338][PID:18537][INFO][metrics] method=GET path=/static/images/db-logos/druid.png endpoint=static status=200 content_type=image/png content_length=11452 duration=0.45 query_count=2 query_duration=1.76
[2021-03-15 20:13:31,396][PID:18522][INFO][metrics] method=GET path=/static/images/db-logos/elasticsearch.png endpoint=static status=200 content_type=image/png content_length=16596 duration=0.44 query_count=2 query_duration=1.88
[2021-03-15 20:13:31,410][PID:18532][INFO][metrics] method=GET path=/static/images/db-logos/google_analytics.png endpoint=static status=200 content_type=image/png content_length=14670 duration=0.42 query_count=2 query_duration=1.76
[2021-03-15 20:13:31,441][PID:18522][INFO][metrics] method=GET path=/static/images/db-logos/google_spreadsheets.png endpoint=static status=200 content_type=image/png content_length=13673 duration=0.47 query_count=2 query_duration=1.71
[2021-03-15 20:13:31,454][PID:18527][INFO][metrics] method=GET path=/static/images/db-logos/graphite.png endpoint=static status=200 content_type=image/png content_length=22142 duration=0.43 query_count=2 query_duration=2.02
[2021-03-15 20:13:31,462][PID:18522][INFO][metrics] method=GET path=/static/images/db-logos/hive.png endpoint=static status=200 content_type=image/png content_length=25212 duration=0.41 query_count=2 query_duration=1.85
[2021-03-15 20:13:31,536][PID:18537][INFO][metrics] method=GET path=/static/images/db-logos/hive_http.png endpoint=static status=200 content_type=image/png content_length=25212 duration=0.43 query_count=2 query_duration=1.98
[2021-03-15 20:13:31,539][PID:18527][INFO][metrics] method=GET path=/static/images/db-logos/impala.png endpoint=static status=200 content_type=image/png content_length=14699 duration=0.42 query_count=2 query_duration=1.72
[2021-03-15 20:13:31,553][PID:18532][INFO][metrics] method=GET path=/static/images/db-logos/jirajql.png endpoint=static status=200 content_type=image/png content_length=12002 duration=0.42 query_count=2 query_duration=1.79
[2021-03-15 20:13:31,571][PID:18522][INFO][metrics] method=GET path=/static/images/db-logos/json.png endpoint=static status=200 content_type=image/png content_length=13099 duration=0.42 query_count=2 query_duration=1.77
[2021-03-15 20:13:31,587][PID:18527][INFO][metrics] method=GET path=/static/images/db-logos/kibana.png endpoint=static status=200 content_type=image/png content_length=9086 duration=0.42 query_count=2 query_duration=1.68
[2021-03-15 20:13:31,601][PID:18532][INFO][metrics] method=GET path=/static/images/db-logos/kylin.png endpoint=static status=200 content_type=image/png content_length=24361 duration=0.44 query_count=2 query_duration=2.12
[2021-03-15 20:13:31,652][PID:18522][INFO][metrics] method=GET path=/static/images/db-logos/mapd.png endpoint=static status=200 content_type=image/png content_length=8110 duration=0.46 query_count=2 query_duration=1.78
[2021-03-15 20:13:31,669][PID:18537][INFO][metrics] method=GET path=/static/images/db-logos/memsql.png endpoint=static status=200 content_type=image/png content_length=12394 duration=0.44 query_count=2 query_duration=2.24
[2021-03-15 20:13:31,675][PID:18527][INFO][metrics] method=GET path=/static/images/db-logos/mssql.png endpoint=static status=200 content_type=image/png content_length=23693 duration=0.43 query_count=2 query_duration=1.71
[2021-03-15 20:13:31,679][PID:18532][INFO][metrics] method=GET path=/static/images/db-logos/mongodb.png endpoint=static status=200 content_type=image/png content_length=9299 duration=0.40 query_count=2 query_duration=1.65
[2021-03-15 20:13:31,688][PID:18522][INFO][metrics] method=GET path=/static/images/db-logos/mysql.png endpoint=static status=200 content_type=image/png content_length=12563 duration=0.42 query_count=2 query_duration=1.63
[2021-03-15 20:13:31,746][PID:18527][INFO][metrics] method=GET path=/static/images/db-logos/rds_mysql.png endpoint=static status=200 content_type=image/png content_length=13806 duration=0.45 query_count=2 query_duration=1.71
[2021-03-15 20:13:31,759][PID:18537][INFO][metrics] method=GET path=/static/images/db-logos/phoenix.png endpoint=static status=200 content_type=image/png content_length=20743 duration=0.43 query_count=2 query_duration=1.81
[2021-03-15 20:13:31,769][PID:18532][INFO][metrics] method=GET path=/static/images/db-logos/pg.png endpoint=static status=200 content_type=image/png content_length=25787 duration=0.43 query_count=2 query_duration=1.72
[2021-03-15 20:13:31,787][PID:18522][INFO][metrics] method=GET path=/static/images/db-logos/presto.png endpoint=static status=200 content_type=image/png content_length=13824 duration=0.43 query_count=2 query_duration=1.69
[2021-03-15 20:13:31,791][PID:18527][INFO][metrics] method=GET path=/static/images/db-logos/prometheus.png endpoint=static status=200 content_type=image/png content_length=15555 duration=0.42 query_count=2 query_duration=1.61
[2021-03-15 20:13:31,810][PID:18532][INFO][metrics] method=GET path=/static/images/db-logos/qubole.png endpoint=static status=200 content_type=image/png content_length=2428 duration=0.40 query_count=2 query_duration=1.60
[2021-03-15 20:13:31,891][PID:18522][INFO][metrics] method=GET path=/static/images/db-logos/results.png endpoint=static status=200 content_type=image/png content_length=13095 duration=0.45 query_count=2 query_duration=1.75
[2021-03-15 20:13:31,898][PID:18537][INFO][metrics] method=GET path=/static/images/db-logos/redshift.png endpoint=static status=200 content_type=image/png content_length=6158 duration=0.51 query_count=2 query_duration=1.77
[2021-03-15 20:13:31,902][PID:18532][INFO][metrics] method=GET path=/static/images/db-logos/rockset.png endpoint=static status=200 content_type=image/png content_length=6768 duration=0.42 query_count=2 query_duration=2.95
[2021-03-15 20:13:31,912][PID:18527][INFO][metrics] method=GET path=/static/images/db-logos/scylla.png endpoint=static status=200 content_type=image/png content_length=23268 duration=0.45 query_count=2 query_duration=1.80
[2021-03-15 20:13:31,915][PID:18522][INFO][metrics] method=GET path=/static/images/db-logos/salesforce.png endpoint=static status=200 content_type=image/png content_length=18631 duration=0.42 query_count=2 query_duration=1.69
[2021-03-15 20:13:31,922][PID:18532][INFO][metrics] method=GET path=/static/images/db-logos/sqlite.png endpoint=static status=200 content_type=image/png content_length=14050 duration=0.41 query_count=2 query_duration=1.61
[2021-03-15 20:13:32,003][PID:18537][INFO][metrics] method=GET path=/static/images/db-logos/treasuredata.png endpoint=static status=200 content_type=image/png content_length=14972 duration=0.46 query_count=2 query_duration=1.78
[2021-03-15 20:13:32,006][PID:18532][INFO][metrics] method=GET path=/static/images/db-logos/uptycs.png endpoint=static status=200 content_type=image/png content_length=2629 duration=0.43 query_count=2 query_duration=1.69
[2021-03-15 20:13:32,006][PID:18522][INFO][metrics] method=GET path=/static/images/db-logos/vertica.png endpoint=static status=200 content_type=image/png content_length=6513 duration=0.42 query_count=2 query_duration=1.66
[2021-03-15 20:13:32,046][PID:18527][INFO][metrics] method=GET path=/static/images/db-logos/yandex_appmetrika.png endpoint=static status=200 content_type=image/png content_length=1459 duration=0.44 query_count=2 query_duration=1.77
[2021-03-15 20:13:32,054][PID:18532][INFO][metrics] method=GET path=/static/images/db-logos/yandex_metrika.png endpoint=static status=200 content_type=image/png content_length=824 duration=0.44 query_count=2 query_duration=2.02
[2021-03-15 20:13:32,057][PID:18537][INFO][metrics] method=POST path=/api/events endpoint=events status=200 content_type=application/json content_length=4 duration=4.01 query_count=2 query_duration=3.60
[2021-03-15 20:14:38,628][PID:18537][INFO][metrics] method=POST path=/api/data_sources endpoint=data_sources status=200 content_type=application/json content_length=306 duration=23.41 query_count=8 query_duration=7.69
[2021-03-15 20:14:38,750][PID:18532][INFO][metrics] method=GET path=/api/data_sources endpoint=data_sources status=200 content_type=application/json content_length=123 duration=11.84 query_count=6 query_duration=5.71
[2021-03-15 20:14:38,952][PID:18527][INFO][metrics] method=GET path=/api/organization/status endpoint=redash_organization_status status=200 content_type=application/json content_length=96 duration=23.26 query_count=7 query_duration=7.43
[2021-03-15 20:14:39,066][PID:18522][INFO][metrics] method=GET path=/api/data_sources/1 endpoint=data_source status=200 content_type=application/json content_length=306 duration=9.40 query_count=5 query_duration=5.06
[2021-03-15 20:14:39,180][PID:18537][INFO][metrics] method=GET path=/api/data_sources/types endpoint=data_source_types status=200 content_type=application/json content_length=20912 duration=3.26 query_count=3 query_duration=2.45
[2021-03-15 20:14:41,004][PID:18532][INFO][metrics] method=POST path=/api/data_sources/1 endpoint=data_source status=200 content_type=application/json content_length=306 duration=15.27 query_count=6 query_duration=5.39
[2021-03-15 20:14:41,688][PID:18527][INFO][pyhive.presto] SHOW TABLES
[2021-03-15 20:14:44,554][PID:18527][INFO][metrics] method=POST path=/api/data_sources/1/test endpoint=datasourcetestresource status=200 content_type=application/json content_length=34 duration=2869.31 query_count=4 query_duration=3.10
[2021-03-15 20:14:49,218][PID:18537][INFO][pyhive.presto] SHOW TABLES
[2021-03-15 20:14:52,077][PID:18537][INFO][metrics] method=POST path=/api/data_sources/1/test endpoint=datasourcetestresource status=200 content_type=application/json content_length=34 duration=2863.24 query_count=4 query_duration=3.55
[2021-03-15 20:14:55,572][PID:18522][INFO][metrics] method=GET path=/api/organization/status endpoint=redash_organization_status status=200 content_type=application/json content_length=96 duration=28.28 query_count=7 query_duration=9.18
[2021-03-15 20:14:55,706][PID:18527][INFO][metrics] method=GET path=/api/queries/tags endpoint=query_tags status=200 content_type=application/json content_length=12 duration=5.57 query_count=3 query_duration=3.69
[2021-03-15 20:14:55,717][PID:18532][INFO][metrics] method=GET path=/api/queries endpoint=queries status=200 content_type=application/json content_length=55 duration=18.60 query_count=5 query_duration=8.37
[2021-03-15 20:14:55,824][PID:18527][INFO][metrics] method=GET path=/static/images/illustrations/query.svg endpoint=static status=200 content_type=image/svg+xml content_length=69600 duration=0.45 query_count=2 query_duration=1.79
[2021-03-15 20:14:57,338][PID:18522][INFO][metrics] method=GET path=/api/data_sources endpoint=data_sources status=200 content_type=application/json content_length=123 duration=11.57 query_count=6 query_duration=4.76
[2021-03-15 20:14:57,353][PID:18537][INFO][metrics] method=GET path=/api/organization/status endpoint=redash_organization_status status=200 content_type=application/json content_length=96 duration=24.13 query_count=7 query_duration=8.63
[2021-03-15 20:14:57,516][PID:18532][INFO][pyhive.presto] 
        SELECT table_schema, table_name, column_name
        FROM information_schema.columns
        WHERE table_schema NOT IN ('pg_catalog', 'information_schema')
        
[2021-03-15 20:14:57,588][PID:18527][INFO][metrics] method=GET path=/api/query_snippets endpoint=query_snippets status=200 content_type=application/json content_length=2 duration=6.18 query_count=3 query_duration=3.17
[2021-03-15 20:14:57,769][PID:18522][INFO][metrics] method=GET path=/static/fonts/glyphicons-halflings-regular.448c34a.woff2 endpoint=static status=200 content_type=application/octet-stream content_length=18028 duration=0.45 query_count=2 query_duration=3.16
[2021-03-15 20:14:58,489][PID:18522][INFO][metrics] method=POST path=/api/events endpoint=events status=200 content_type=application/json content_length=4 duration=2.39 query_count=2 query_duration=2.01
[2021-03-15 20:15:14,740][PID:18527][INFO][root] Inserting job for 2fbf06c5b40aabe60646766ce7ffa390 with metadata={'Username': u'dlc@tencent.com', 'Query ID': 'adhoc'}
[2021-03-15 20:15:14,745][PID:18527][INFO][root] [2fbf06c5b40aabe60646766ce7ffa390] Created new job: aa7e16e2-13c4-41e2-8556-dee36cd5f06c
[2021-03-15 20:15:14,749][PID:18527][INFO][metrics] method=POST path=/api/query_results endpoint=query_results status=200 content_type=application/json content_length=123 duration=20.54 query_count=7 query_duration=5.15
[2021-03-15 20:15:14,860][PID:18522][INFO][metrics] method=GET path=/api/jobs/aa7e16e2-13c4-41e2-8556-dee36cd5f06c endpoint=job status=200 content_type=application/json content_length=123 duration=0.98 query_count=2 query_duration=1.79
[2021-03-15 20:15:15,472][PID:18537][INFO][metrics] method=GET path=/api/jobs/aa7e16e2-13c4-41e2-8556-dee36cd5f06c endpoint=job status=200 content_type=application/json content_length=299 duration=1.03 query_count=2 query_duration=1.80
[2021-03-15 20:15:15,738][PID:18522][INFO][metrics] method=POST path=/api/events endpoint=events status=200 content_type=application/json content_length=4 duration=2.82 query_count=2 query_duration=1.90
[2021-03-15 20:15:22,645][PID:18537][INFO][root] Inserting job for 4de0ac6ee224fd599568b45267d5c712 with metadata={'Username': u'dlc@tencent.com', 'Query ID': 'adhoc'}
[2021-03-15 20:15:22,648][PID:18537][INFO][root] [4de0ac6ee224fd599568b45267d5c712] Created new job: 6e3f8303-a55c-4987-a145-a5d962fa3c48
[2021-03-15 20:15:22,652][PID:18537][INFO][metrics] method=POST path=/api/query_results endpoint=query_results status=200 content_type=application/json content_length=123 duration=18.71 query_count=7 query_duration=4.89
[2021-03-15 20:15:22,754][PID:18527][INFO][metrics] method=GET path=/api/jobs/6e3f8303-a55c-4987-a145-a5d962fa3c48 endpoint=job status=200 content_type=application/json content_length=123 duration=0.73 query_count=2 query_duration=1.82
[2021-03-15 20:15:23,364][PID:18522][INFO][metrics] method=GET path=/api/jobs/6e3f8303-a55c-4987-a145-a5d962fa3c48 endpoint=job status=200 content_type=application/json content_length=123 duration=0.80 query_count=2 query_duration=2.10
[2021-03-15 20:15:23,635][PID:18537][INFO][metrics] method=POST path=/api/events endpoint=events status=200 content_type=application/json content_length=4 duration=3.53 query_count=2 query_duration=1.80
[2021-03-15 20:15:23,974][PID:18522][INFO][metrics] method=GET path=/api/jobs/6e3f8303-a55c-4987-a145-a5d962fa3c48 endpoint=job status=200 content_type=application/json content_length=123 duration=0.79 query_count=2 query_duration=1.78
[2021-03-15 20:15:24,585][PID:18527][INFO][metrics] method=GET path=/api/jobs/6e3f8303-a55c-4987-a145-a5d962fa3c48 endpoint=job status=200 content_type=application/json content_length=123 duration=0.68 query_count=2 query_duration=1.88
[2021-03-15 20:15:25,199][PID:18537][INFO][metrics] method=GET path=/api/jobs/6e3f8303-a55c-4987-a145-a5d962fa3c48 endpoint=job status=200 content_type=application/json content_length=123 duration=0.71 query_count=2 query_duration=1.86
[2021-03-15 20:15:25,812][PID:18522][INFO][metrics] method=GET path=/api/jobs/6e3f8303-a55c-4987-a145-a5d962fa3c48 endpoint=job status=200 content_type=application/json content_length=120 duration=0.75 query_count=2 query_duration=2.09
[2021-03-15 20:15:25,941][PID:18527][INFO][metrics] method=GET path=/api/query_results/1 endpoint=query_result status=200 content_type=application/json content_length=1008 duration=9.86 query_count=8 query_duration=6.19
[2021-03-15 20:15:26,302][PID:18532][INFO][metrics] method=GET path=/api/data_sources/1/schema endpoint=datasourceschemaresource status=200 content_type=application/json content_length=144738 duration=28792.12 query_count=6 query_duration=4.41
[2021-03-15 20:16:07,305][PID:18527][INFO][metrics] method=GET path=/api/organization/status endpoint=redash_organization_status status=200 content_type=application/json content_length=96 duration=22.05 query_count=7 query_duration=7.53
[2021-03-15 20:16:07,471][PID:18537][INFO][metrics] method=GET path=/api/dashboards/favorites endpoint=dashboard_favorites status=200 content_type=application/json content_length=55 duration=15.22 query_count=4 query_duration=6.33
[2021-03-15 20:16:07,626][PID:18527][INFO][metrics] method=GET path=/api/queries/favorites endpoint=query_favorites status=200 content_type=application/json content_length=55 duration=16.67 query_count=4 query_duration=6.72
[2021-03-15 20:16:08,439][PID:18532][INFO][metrics] method=POST path=/api/events endpoint=events status=200 content_type=application/json content_length=4 duration=2.27 query_count=2 query_duration=1.95
[2021-03-15 20:16:08,791][PID:18532][INFO][metrics] method=GET path=/api/organization/status endpoint=redash_organization_status status=200 content_type=application/json content_length=96 duration=25.20 query_count=7 query_duration=8.38
[2021-03-15 20:16:08,908][PID:18522][INFO][metrics] method=GET path=/api/data_sources/types endpoint=data_source_types status=200 content_type=application/json content_length=20912 duration=3.40 query_count=3 query_duration=2.45
[2021-03-15 20:16:08,919][PID:18537][INFO][metrics] method=GET path=/api/data_sources endpoint=data_sources status=200 content_type=application/json content_length=123 duration=9.51 query_count=6 query_duration=6.15
[2021-03-15 20:16:10,046][PID:18522][INFO][metrics] method=POST path=/api/events endpoint=events status=200 content_type=application/json content_length=4 duration=5.56 query_count=2 query_duration=2.01
[2021-03-15 20:16:48,465][PID:18522][INFO][metrics] method=POST path=/api/data_sources endpoint=data_sources status=200 content_type=application/json content_length=318 duration=27.31 query_count=8 query_duration=9.96
[2021-03-15 20:16:48,588][PID:18527][INFO][metrics] method=GET path=/api/data_sources endpoint=data_sources status=200 content_type=application/json content_length=254 duration=11.68 query_count=7 query_duration=4.83
[2021-03-15 20:16:48,788][PID:18532][INFO][metrics] method=GET path=/api/organization/status endpoint=redash_organization_status status=200 content_type=application/json content_length=96 duration=21.52 query_count=7 query_duration=7.18
[2021-03-15 20:16:48,906][PID:18537][INFO][metrics] method=GET path=/api/data_sources/2 endpoint=data_source status=200 content_type=application/json content_length=318 duration=8.96 query_count=5 query_duration=3.90
[2021-03-15 20:16:49,017][PID:18522][INFO][metrics] method=GET path=/api/data_sources/types endpoint=data_source_types status=200 content_type=application/json content_length=20912 duration=3.18 query_count=3 query_duration=2.53
[2021-03-15 20:16:50,892][PID:18527][INFO][metrics] method=POST path=/api/data_sources/2/test endpoint=datasourcetestresource status=200 content_type=application/json content_length=34 duration=162.21 query_count=4 query_duration=3.72
[2021-03-15 20:16:53,413][PID:18537][INFO][metrics] method=GET path=/api/organization/status endpoint=redash_organization_status status=200 content_type=application/json content_length=96 duration=21.23 query_count=7 query_duration=7.15
[2021-03-15 20:16:53,553][PID:18532][INFO][metrics] method=GET path=/api/queries/tags endpoint=query_tags status=200 content_type=application/json content_length=12 duration=5.68 query_count=3 query_duration=3.74
[2021-03-15 20:16:53,562][PID:18522][INFO][metrics] method=GET path=/api/queries endpoint=queries status=200 content_type=application/json content_length=55 duration=16.50 query_count=5 query_duration=6.55
[2021-03-15 20:16:54,911][PID:18527][INFO][metrics] method=GET path=/api/data_sources endpoint=data_sources status=200 content_type=application/json content_length=254 duration=9.76 query_count=7 query_duration=4.59
[2021-03-15 20:16:54,924][PID:18532][INFO][metrics] method=GET path=/api/organization/status endpoint=redash_organization_status status=200 content_type=application/json content_length=96 duration=23.30 query_count=7 query_duration=7.20
[2021-03-15 20:16:55,112][PID:18522][INFO][metrics] method=GET path=/api/query_snippets endpoint=query_snippets status=200 content_type=application/json content_length=2 duration=6.46 query_count=3 query_duration=3.93
[2021-03-15 20:16:55,205][PID:18527][INFO][metrics] method=GET path=/api/data_sources/2/schema endpoint=datasourceschemaresource status=200 content_type=application/json content_length=14 duration=154.94 query_count=6 query_duration=4.33
[2021-03-15 20:16:56,057][PID:18537][INFO][metrics] method=POST path=/api/events endpoint=events status=200 content_type=application/json content_length=4 duration=4.15 query_count=2 query_duration=1.82
[2021-03-15 20:16:56,785][PID:18537][INFO][metrics] method=GET path=/api/data_sources/1/schema endpoint=datasourceschemaresource status=200 content_type=application/json content_length=144738 duration=14.31 query_count=6 query_duration=4.95
[2021-03-15 20:16:57,787][PID:18532][INFO][metrics] method=POST path=/api/events endpoint=events status=200 content_type=application/json content_length=4 duration=3.92 query_count=2 query_duration=2.34
[2021-03-15 20:16:59,242][PID:18527][INFO][metrics] method=POST path=/api/events endpoint=events status=200 content_type=application/json content_length=4 duration=4.36 query_count=2 query_duration=2.02
[2021-03-15 20:17:03,485][PID:18522][INFO][root] Inserting job for 2fbf06c5b40aabe60646766ce7ffa390 with metadata={'Username': u'dlc@tencent.com', 'Query ID': 'adhoc'}
[2021-03-15 20:17:03,493][PID:18522][INFO][root] [2fbf06c5b40aabe60646766ce7ffa390] Created new job: 226ef125-0b6d-4bf0-a7d1-5c89dda47c5d
[2021-03-15 20:17:03,498][PID:18522][INFO][metrics] method=POST path=/api/query_results endpoint=query_results status=200 content_type=application/json content_length=123 duration=24.87 query_count=7 query_duration=4.99
[2021-03-15 20:17:03,607][PID:18537][INFO][metrics] method=GET path=/api/jobs/226ef125-0b6d-4bf0-a7d1-5c89dda47c5d endpoint=job status=200 content_type=application/json content_length=123 duration=0.74 query_count=2 query_duration=1.83
[2021-03-15 20:17:04,219][PID:18537][INFO][metrics] method=GET path=/api/jobs/226ef125-0b6d-4bf0-a7d1-5c89dda47c5d endpoint=job status=200 content_type=application/json content_length=120 duration=0.67 query_count=2 query_duration=1.81
[2021-03-15 20:17:04,337][PID:18527][INFO][metrics] method=GET path=/api/query_results/2 endpoint=query_result status=200 content_type=application/json content_length=405 duration=8.28 query_count=8 query_duration=5.03
[2021-03-15 20:17:04,500][PID:18532][INFO][metrics] method=POST path=/api/events endpoint=events status=200 content_type=application/json content_length=4 duration=2.22 query_count=2 query_duration=1.90
[2021-03-15 20:17:08,034][PID:18537][INFO][metrics] method=GET path=/api/data_sources/2/schema endpoint=datasourceschemaresource status=200 content_type=application/json content_length=14 duration=167.08 query_count=6 query_duration=4.52
[2021-03-15 20:17:11,409][PID:18532][INFO][root] Inserting job for 2fbf06c5b40aabe60646766ce7ffa390 with metadata={'Username': u'dlc@tencent.com', 'Query ID': 'adhoc'}
[2021-03-15 20:17:11,414][PID:18532][INFO][root] [2fbf06c5b40aabe60646766ce7ffa390] Created new job: ad7c813a-10a4-479a-af1a-583332491991
[2021-03-15 20:17:11,418][PID:18532][INFO][metrics] method=POST path=/api/query_results endpoint=query_results status=200 content_type=application/json content_length=123 duration=20.91 query_count=7 query_duration=4.79
[2021-03-15 20:17:11,520][PID:18522][INFO][metrics] method=GET path=/api/jobs/ad7c813a-10a4-479a-af1a-583332491991 endpoint=job status=200 content_type=application/json content_length=123 duration=0.72 query_count=2 query_duration=1.99
[2021-03-15 20:17:12,130][PID:18537][INFO][metrics] method=GET path=/api/jobs/ad7c813a-10a4-479a-af1a-583332491991 endpoint=job status=200 content_type=application/json content_length=299 duration=0.81 query_count=2 query_duration=1.80
[2021-03-15 20:17:12,405][PID:18527][INFO][metrics] method=POST path=/api/events endpoint=events status=200 content_type=application/json content_length=4 duration=6.66 query_count=2 query_duration=2.51
[2021-03-15 20:17:15,945][PID:18522][INFO][root] Inserting job for 2fbf06c5b40aabe60646766ce7ffa390 with metadata={'Username': u'dlc@tencent.com', 'Query ID': 'adhoc'}
[2021-03-15 20:17:15,948][PID:18522][INFO][root] [2fbf06c5b40aabe60646766ce7ffa390] Created new job: 87bb99a3-ec30-4c01-a8c1-cf8fb4337565
[2021-03-15 20:17:15,950][PID:18522][INFO][metrics] method=POST path=/api/query_results endpoint=query_results status=200 content_type=application/json content_length=123 duration=15.84 query_count=7 query_duration=5.20
[2021-03-15 20:17:16,057][PID:18537][INFO][metrics] method=GET path=/api/jobs/87bb99a3-ec30-4c01-a8c1-cf8fb4337565 endpoint=job status=200 content_type=application/json content_length=123 duration=0.76 query_count=2 query_duration=1.87
[2021-03-15 20:17:16,658][PID:18537][INFO][metrics] method=GET path=/api/jobs/87bb99a3-ec30-4c01-a8c1-cf8fb4337565 endpoint=job status=200 content_type=application/json content_length=120 duration=0.75 query_count=2 query_duration=1.81
[2021-03-15 20:17:16,776][PID:18527][INFO][metrics] method=GET path=/api/query_results/3 endpoint=query_result status=200 content_type=application/json content_length=405 duration=8.12 query_count=8 query_duration=5.05
[2021-03-15 20:17:16,936][PID:18532][INFO][metrics] method=POST path=/api/events endpoint=events status=200 content_type=application/json content_length=4 duration=3.65 query_count=2 query_duration=2.03
[2021-03-15 20:49:36,961][PID:18527][INFO][metrics] method=GET path=/logout endpoint=redash_logout status=302 content_type=text/html; charset=utf-8 content_length=219 duration=0.37 query_count=2 query_duration=2.42
[2021-03-15 20:49:37,077][PID:18532][INFO][metrics] method=GET path=/login endpoint=redash_login status=200 content_type=text/html; charset=utf-8 content_length=1827 duration=18.80 query_count=1 query_duration=0.94
[2021-03-15 20:49:37,185][PID:18522][INFO][metrics] method=GET path=/static/server.5cdfe7b4f652b665b03f.css endpoint=static status=200 content_type=text/css; charset=utf-8 content_length=187882 duration=0.45 query_count=0 query_duration=0.00
[2021-03-15 20:49:37,350][PID:18537][INFO][metrics] method=GET path=/static/js/jquery.min.js endpoint=static status=200 content_type=application/javascript content_length=86927 duration=0.46 query_count=0 query_duration=0.00
[2021-03-15 20:50:19,325][PID:18537][INFO][metrics] method=GET path=/login endpoint=redash_login status=200 content_type=text/html; charset=utf-8 content_length=1827 duration=18.28 query_count=1 query_duration=0.92
[2021-03-15 20:50:19,434][PID:18522][INFO][metrics] method=GET path=/static/images/redash_icon_small.png endpoint=static status=200 content_type=image/png content_length=6111 duration=0.45 query_count=0 query_duration=0.00
[2021-03-15 20:50:21,057][PID:18522][INFO][metrics] method=POST path=/login endpoint=redash_login status=302 content_type=text/html; charset=utf-8 content_length=209 duration=83.12 query_count=2 query_duration=2.02
[2021-03-15 20:50:21,158][PID:18527][INFO][metrics] method=GET path=/ endpoint=redash_index status=304 content_type=text/html; charset=utf-8 content_length=1441 duration=0.53 query_count=2 query_duration=1.83
[2021-03-15 20:50:21,270][PID:18532][INFO][metrics] method=GET path=/static/unsupportedRedirect.js endpoint=static status=200 content_type=application/javascript content_length=150 duration=0.44 query_count=2 query_duration=1.86
[2021-03-15 20:50:21,412][PID:18537][INFO][metrics] method=GET path=/static/vendors~app.16b1801334f54f3ac188.css endpoint=static status=200 content_type=text/css; charset=utf-8 content_length=65687 duration=0.45 query_count=2 query_duration=1.78
[2021-03-15 20:50:21,416][PID:18522][INFO][metrics] method=GET path=/static/app.0d8e3f3690cbc6739731.css endpoint=static status=200 content_type=text/css; charset=utf-8 content_length=1073542 duration=0.44 query_count=2 query_duration=1.99
[2021-03-15 20:50:21,426][PID:18527][INFO][metrics] method=GET path=/static/vendors~app.16b1801334f54f3ac188.js endpoint=static status=200 content_type=application/javascript content_length=4082014 duration=0.44 query_count=2 query_duration=1.76
[2021-03-15 20:50:21,429][PID:18532][INFO][metrics] method=GET path=/static/app.0d8e3f3690cbc6739731.js endpoint=static status=200 content_type=application/javascript content_length=713512 duration=0.45 query_count=2 query_duration=1.76
[2021-03-15 20:50:22,671][PID:18537][INFO][metrics] method=GET path=/api/session endpoint=redash_session status=200 content_type=application/json content_length=1395 duration=3.37 query_count=4 query_duration=3.12
[2021-03-15 20:50:22,801][PID:18522][INFO][metrics] method=GET path=/api/organization/status endpoint=redash_organization_status status=200 content_type=application/json content_length=96 duration=22.76 query_count=7 query_duration=7.21
[2021-03-15 20:50:22,837][PID:18537][INFO][metrics] method=GET path=/static/fonts/Material-Design-Iconic-Font.a4d3112.woff2 endpoint=static status=200 content_type=application/octet-stream content_length=38384 duration=0.44 query_count=2 query_duration=2.22
[2021-03-15 20:50:22,837][PID:18522][INFO][metrics] method=GET path=/static/fonts/fontawesome-webfont.af7ae50.woff2 endpoint=static status=200 content_type=application/octet-stream content_length=77160 duration=1.56 query_count=2 query_duration=6.38
[2021-03-15 20:50:22,837][PID:18527][INFO][metrics] method=GET path=/api/queries/favorites endpoint=query_favorites status=200 content_type=application/json content_length=55 duration=15.95 query_count=4 query_duration=6.69
[2021-03-15 20:50:22,854][PID:18532][INFO][metrics] method=GET path=/api/dashboards/favorites endpoint=dashboard_favorites status=200 content_type=application/json content_length=55 duration=22.27 query_count=4 query_duration=6.90
[2021-03-15 20:50:22,968][PID:18522][INFO][metrics] method=GET path=/api/queries/favorites endpoint=query_favorites status=200 content_type=application/json content_length=55 duration=17.98 query_count=4 query_duration=6.65
[2021-03-15 20:50:22,977][PID:18537][INFO][metrics] method=GET path=/api/dashboards/favorites endpoint=dashboard_favorites status=200 content_type=application/json content_length=55 duration=19.24 query_count=4 query_duration=7.48
[2021-03-15 20:50:23,913][PID:18532][INFO][metrics] method=POST path=/api/events endpoint=events status=200 content_type=application/json content_length=4 duration=3.37 query_count=2 query_duration=2.78
[2021-03-15 20:50:26,538][PID:18537][INFO][metrics] method=GET path=/api/organization/status endpoint=redash_organization_status status=200 content_type=application/json content_length=96 duration=21.11 query_count=7 query_duration=7.04
[2021-03-15 20:50:26,656][PID:18522][INFO][metrics] method=GET path=/api/data_sources/types endpoint=data_source_types status=200 content_type=application/json content_length=20912 duration=3.94 query_count=3 query_duration=2.45
[2021-03-15 20:50:26,666][PID:18527][INFO][metrics] method=GET path=/api/data_sources endpoint=data_sources status=200 content_type=application/json content_length=254 duration=12.47 query_count=7 query_duration=4.78
[2021-03-15 20:50:26,830][PID:18532][INFO][metrics] method=GET path=/static/images/db-logos/presto.png endpoint=static status=200 content_type=image/png content_length=13824 duration=0.45 query_count=2 query_duration=1.82
[2021-03-15 20:50:26,840][PID:18522][INFO][metrics] method=GET path=/static/images/db-logos/elasticsearch.png endpoint=static status=200 content_type=image/png content_length=16596 duration=0.44 query_count=2 query_duration=1.82
[2021-03-15 20:50:26,845][PID:18527][INFO][metrics] method=GET path=/static/images/db-logos/druid.png endpoint=static status=200 content_type=image/png content_length=11452 duration=0.43 query_count=2 query_duration=1.82
[2021-03-15 20:50:26,845][PID:18532][INFO][metrics] method=GET path=/static/images/db-logos/dynamodb_sql.png endpoint=static status=200 content_type=image/png content_length=12572 duration=1.06 query_count=2 query_duration=1.58
[2021-03-15 20:50:26,846][PID:18537][INFO][metrics] method=GET path=/static/images/db-logos/dgraph.png endpoint=static status=200 content_type=image/png content_length=43329 duration=0.45 query_count=2 query_duration=2.25
[2021-03-15 20:50:26,960][PID:18522][INFO][metrics] method=GET path=/static/images/db-logos/hive_http.png endpoint=static status=200 content_type=image/png content_length=25212 duration=0.49 query_count=2 query_duration=1.80
[2021-03-15 20:50:26,987][PID:18527][INFO][metrics] method=GET path=/static/images/db-logos/impala.png endpoint=static status=200 content_type=image/png content_length=14699 duration=0.46 query_count=2 query_duration=1.98
[2021-03-15 20:50:26,991][PID:18537][INFO][metrics] method=GET path=/static/images/db-logos/phoenix.png endpoint=static status=200 content_type=image/png content_length=20743 duration=0.45 query_count=2 query_duration=3.09
[2021-03-15 20:50:26,996][PID:18522][INFO][metrics] method=GET path=/static/images/db-logos/mapd.png endpoint=static status=200 content_type=image/png content_length=8110 duration=0.43 query_count=2 query_duration=1.66
[2021-03-15 20:50:26,996][PID:18532][INFO][metrics] method=GET path=/static/images/db-logos/graphite.png endpoint=static status=200 content_type=image/png content_length=22142 duration=0.51 query_count=2 query_duration=1.82
[2021-03-15 20:50:27,042][PID:18537][INFO][metrics] method=GET path=/static/images/db-logos/pg.png endpoint=static status=200 content_type=image/png content_length=25787 duration=0.47 query_count=2 query_duration=1.81
[2021-03-15 20:50:27,098][PID:18527][INFO][metrics] method=GET path=/static/images/db-logos/prometheus.png endpoint=static status=200 content_type=image/png content_length=15555 duration=0.46 query_count=2 query_duration=1.81
[2021-03-15 20:50:27,110][PID:18532][INFO][metrics] method=GET path=/static/images/db-logos/uptycs.png endpoint=static status=200 content_type=image/png content_length=2629 duration=0.48 query_count=2 query_duration=2.00
[2021-03-15 20:50:27,139][PID:18527][INFO][metrics] method=GET path=/static/images/db-logos/yandex_appmetrika.png endpoint=static status=200 content_type=image/png content_length=1459 duration=0.49 query_count=2 query_duration=2.25
[2021-03-15 20:50:27,802][PID:18537][INFO][metrics] method=POST path=/api/events endpoint=events status=200 content_type=application/json content_length=4 duration=4.37 query_count=2 query_duration=1.89
[2021-03-15 20:50:30,508][PID:18522][INFO][metrics] method=GET path=/api/organization/status endpoint=redash_organization_status status=200 content_type=application/json content_length=96 duration=21.05 query_count=7 query_duration=6.99
[2021-03-15 20:50:30,636][PID:18532][INFO][metrics] method=GET path=/api/data_sources/2 endpoint=data_source status=200 content_type=application/json content_length=318 duration=7.35 query_count=5 query_duration=3.86
[2021-03-15 20:50:30,749][PID:18527][INFO][metrics] method=GET path=/api/data_sources/types endpoint=data_source_types status=200 content_type=application/json content_length=20912 duration=2.90 query_count=3 query_duration=2.55
[2021-03-15 20:50:30,951][PID:18537][INFO][metrics] method=GET path=/login endpoint=redash_login status=200 content_type=text/html; charset=utf-8 content_length=1827 duration=3.89 query_count=1 query_duration=0.90
[2021-03-15 20:50:31,232][PID:18532][INFO][metrics] method=GET path=/static/server.5cdfe7b4f652b665b03f.css endpoint=static status=200 content_type=text/css; charset=utf-8 content_length=187882 duration=0.45 query_count=0 query_duration=0.00
[2021-03-15 20:50:31,255][PID:18537][INFO][metrics] method=GET path=/static/js/jquery.min.js endpoint=static status=200 content_type=application/javascript content_length=86927 duration=0.43 query_count=0 query_duration=0.00
[2021-03-15 20:50:31,255][PID:18522][INFO][metrics] method=GET path=/static/images/redash_icon_small.png endpoint=static status=200 content_type=image/png content_length=6111 duration=0.44 query_count=0 query_duration=0.00
[2021-03-15 20:50:31,794][PID:18527][INFO][metrics] method=GET path=/static/images/favicon-32x32.png endpoint=static status=200 content_type=image/png content_length=2005 duration=0.46 query_count=0 query_duration=0.00
[2021-03-15 20:50:32,366][PID:18537][INFO][metrics] method=GET path=/api/organization/status endpoint=redash_organization_status status=200 content_type=application/json content_length=96 duration=20.87 query_count=7 query_duration=7.57
[2021-03-15 20:50:32,497][PID:18532][INFO][metrics] method=GET path=/api/queries/tags endpoint=query_tags status=200 content_type=application/json content_length=12 duration=5.68 query_count=3 query_duration=3.66
[2021-03-15 20:50:32,511][PID:18522][INFO][metrics] method=GET path=/api/queries endpoint=queries status=200 content_type=application/json content_length=55 duration=15.70 query_count=5 query_duration=6.48
[2021-03-15 20:50:32,617][PID:18527][INFO][metrics] method=GET path=/static/images/illustrations/query.svg endpoint=static status=200 content_type=image/svg+xml content_length=69600 duration=0.44 query_count=2 query_duration=1.95
[2021-03-15 20:50:34,103][PID:18532][INFO][metrics] method=GET path=/api/organization/status endpoint=redash_organization_status status=200 content_type=application/json content_length=96 duration=24.51 query_count=7 query_duration=9.64
[2021-03-15 20:50:34,106][PID:18537][INFO][metrics] method=GET path=/api/data_sources endpoint=data_sources status=200 content_type=application/json content_length=254 duration=18.81 query_count=7 query_duration=5.09
[2021-03-15 20:50:34,256][PID:18527][INFO][metrics] method=GET path=/api/data_sources/2/schema endpoint=datasourceschemaresource status=200 content_type=application/json content_length=14 duration=6.31 query_count=6 query_duration=4.42
[2021-03-15 20:50:34,330][PID:18522][INFO][metrics] method=GET path=/api/query_snippets endpoint=query_snippets status=200 content_type=application/json content_length=2 duration=5.46 query_count=3 query_duration=2.66
[2021-03-15 20:50:34,335][PID:18532][INFO][metrics] method=GET path=/static/fonts/glyphicons-halflings-regular.448c34a.woff2 endpoint=static status=200 content_type=application/octet-stream content_length=18028 duration=0.45 query_count=2 query_duration=1.78
[2021-03-15 20:50:35,237][PID:18537][INFO][metrics] method=POST path=/api/events endpoint=events status=200 content_type=application/json content_length=4 duration=5.25 query_count=2 query_duration=1.93
[2021-03-15 20:50:36,231][PID:18522][INFO][metrics] method=GET path=/api/data_sources/1/schema endpoint=datasourceschemaresource status=200 content_type=application/json content_length=144738 duration=12.83 query_count=6 query_duration=5.47
[2021-03-15 20:50:37,226][PID:18537][INFO][metrics] method=POST path=/api/events endpoint=events status=200 content_type=application/json content_length=4 duration=5.83 query_count=2 query_duration=1.91
[2021-03-15 20:50:45,203][PID:18527][INFO][metrics] method=POST path=/login endpoint=redash_login status=302 content_type=text/html; charset=utf-8 content_length=209 duration=78.14 query_count=2 query_duration=2.14
[2021-03-15 20:50:45,464][PID:18527][INFO][metrics] method=GET path=/ endpoint=redash_index status=200 content_type=text/html; charset=utf-8 content_length=1441 duration=0.49 query_count=2 query_duration=1.99
[2021-03-15 20:50:45,753][PID:18532][INFO][metrics] method=GET path=/static/vendors~app.16b1801334f54f3ac188.css endpoint=static status=200 content_type=text/css; charset=utf-8 content_length=65687 duration=0.46 query_count=2 query_duration=1.82
[2021-03-15 20:50:45,759][PID:18522][INFO][metrics] method=GET path=/static/app.0d8e3f3690cbc6739731.css endpoint=static status=200 content_type=text/css; charset=utf-8 content_length=1073542 duration=0.45 query_count=2 query_duration=1.74
[2021-03-15 20:50:45,769][PID:18537][INFO][metrics] method=GET path=/static/unsupportedRedirect.js endpoint=static status=200 content_type=application/javascript content_length=150 duration=0.47 query_count=2 query_duration=1.70
[2021-03-15 20:50:45,774][PID:18527][INFO][metrics] method=GET path=/static/app.0d8e3f3690cbc6739731.js endpoint=static status=200 content_type=application/javascript content_length=713512 duration=0.45 query_count=2 query_duration=1.71
[2021-03-15 20:50:45,788][PID:18537][INFO][metrics] method=GET path=/static/vendors~app.16b1801334f54f3ac188.js endpoint=static status=200 content_type=application/javascript content_length=4082014 duration=0.43 query_count=2 query_duration=1.58
[2021-03-15 20:50:47,335][PID:18532][INFO][metrics] method=GET path=/api/session endpoint=redash_session status=200 content_type=application/json content_length=1395 duration=3.27 query_count=4 query_duration=3.20
[2021-03-15 20:50:47,636][PID:18522][INFO][metrics] method=GET path=/api/organization/status endpoint=redash_organization_status status=200 content_type=application/json content_length=96 duration=22.52 query_count=7 query_duration=6.98
[2021-03-15 20:50:47,647][PID:18527][INFO][metrics] method=GET path=/static/fonts/fontawesome-webfont.af7ae50.woff2 endpoint=static status=200 content_type=application/octet-stream content_length=77160 duration=0.44 query_count=2 query_duration=1.75
[2021-03-15 20:50:47,677][PID:18537][INFO][metrics] method=GET path=/api/dashboards/favorites endpoint=dashboard_favorites status=200 content_type=application/json content_length=55 duration=23.02 query_count=4 query_duration=10.65
[2021-03-15 20:50:47,684][PID:18532][INFO][metrics] method=GET path=/api/queries/favorites endpoint=query_favorites status=200 content_type=application/json content_length=55 duration=18.43 query_count=4 query_duration=6.06
[2021-03-15 20:50:47,687][PID:18522][INFO][metrics] method=GET path=/static/fonts/Material-Design-Iconic-Font.a4d3112.woff2 endpoint=static status=200 content_type=application/octet-stream content_length=38384 duration=1.12 query_count=2 query_duration=1.76
[2021-03-15 20:50:47,977][PID:18527][INFO][metrics] method=GET path=/api/queries/favorites endpoint=query_favorites status=200 content_type=application/json content_length=55 duration=16.13 query_count=4 query_duration=6.39
[2021-03-15 20:50:47,995][PID:18537][INFO][metrics] method=GET path=/static/images/illustrations/dashboard.svg endpoint=static status=200 content_type=image/svg+xml content_length=140409 duration=0.45 query_count=2 query_duration=2.03
[2021-03-15 20:50:48,005][PID:18522][INFO][metrics] method=GET path=/api/dashboards/favorites endpoint=dashboard_favorites status=200 content_type=application/json content_length=55 duration=20.12 query_count=4 query_duration=8.90
[2021-03-15 20:50:48,926][PID:18532][INFO][metrics] method=POST path=/api/events endpoint=events status=200 content_type=application/json content_length=4 duration=2.23 query_count=2 query_duration=1.95
[2021-03-15 20:50:51,466][PID:18527][INFO][metrics] method=GET path=/api/organization/status endpoint=redash_organization_status status=200 content_type=application/json content_length=96 duration=22.99 query_count=7 query_duration=7.69
[2021-03-15 20:50:51,973][PID:18532][INFO][metrics] method=GET path=/api/queries/tags endpoint=query_tags status=200 content_type=application/json content_length=12 duration=5.35 query_count=3 query_duration=3.85
[2021-03-15 20:50:52,046][PID:18522][INFO][metrics] method=GET path=/api/queries endpoint=queries status=200 content_type=application/json content_length=55 duration=17.11 query_count=5 query_duration=6.04
[2021-03-15 20:50:52,407][PID:18537][INFO][metrics] method=GET path=/static/images/illustrations/query.svg endpoint=static status=200 content_type=image/svg+xml content_length=69600 duration=0.47 query_count=2 query_duration=1.80
[2021-03-15 20:50:54,771][PID:18537][INFO][metrics] method=GET path=/api/data_sources endpoint=data_sources status=200 content_type=application/json content_length=254 duration=13.24 query_count=7 query_duration=4.86
[2021-03-15 20:50:54,797][PID:18532][INFO][metrics] method=GET path=/api/organization/status endpoint=redash_organization_status status=200 content_type=application/json content_length=96 duration=20.93 query_count=7 query_duration=7.82
[2021-03-15 20:50:55,120][PID:18537][INFO][metrics] method=GET path=/api/data_sources/2/schema endpoint=datasourceschemaresource status=200 content_type=application/json content_length=14 duration=7.83 query_count=6 query_duration=4.19
[2021-03-15 20:50:55,185][PID:18527][INFO][metrics] method=GET path=/static/images/db-logos/clickhouse.png endpoint=static status=200 content_type=image/png content_length=2959 duration=0.52 query_count=2 query_duration=2.50
[2021-03-15 20:50:55,188][PID:18522][INFO][metrics] method=GET path=/api/query_snippets endpoint=query_snippets status=200 content_type=application/json content_length=2 duration=6.48 query_count=3 query_duration=3.03
[2021-03-15 20:50:55,197][PID:18532][INFO][metrics] method=GET path=/static/fonts/glyphicons-halflings-regular.448c34a.woff2 endpoint=static status=200 content_type=application/octet-stream content_length=18028 duration=0.54 query_count=2 query_duration=2.01
[2021-03-15 20:50:56,089][PID:18537][INFO][metrics] method=POST path=/api/events endpoint=events status=200 content_type=application/json content_length=4 duration=3.95 query_count=2 query_duration=2.02
[2021-03-15 20:50:56,926][PID:18537][INFO][metrics] method=GET path=/static/images/db-logos/presto.png endpoint=static status=200 content_type=image/png content_length=13824 duration=0.52 query_count=2 query_duration=2.20
[2021-03-15 20:50:58,181][PID:18522][INFO][metrics] method=GET path=/api/data_sources/1/schema endpoint=datasourceschemaresource status=200 content_type=application/json content_length=144738 duration=9.90 query_count=6 query_duration=4.34
[2021-03-15 20:50:59,215][PID:18527][INFO][metrics] method=POST path=/api/events endpoint=events status=200 content_type=application/json content_length=4 duration=2.50 query_count=2 query_duration=2.06
